<?xml version="1.0" encoding="UTF-8"?>
<!-- Generated by org.testng.reporters.JUnitReportReporter -->
<testsuite skipped="0" hostname="saisrees-MacBook-Pro.local" name="DeleteData_API_Test" tests="2" failures="0" timestamp="20 Jan 2019 18:30:32 GMT" time="5.050" errors="0">
  <testcase name="test_DeleteUserSuccessful" time="3.826" classname="DeleteData_API_Test"/>
  <testcase name="test_GetUserInfo" time="1.224" classname="DeleteData_API_Test"/>
</testsuite> <!-- DeleteData_API_Test -->
