<?xml version="1.0" encoding="UTF-8"?>
<!-- Generated by org.testng.reporters.JUnitReportReporter -->
<testsuite skipped="0" hostname="saisrees-MacBook-Pro.local" name="PutData_API_Test" tests="1" failures="0" timestamp="21 Jan 2019 02:42:22 GMT" time="2.395" errors="0">
  <testcase name="testPutExample_UserDetails" time="2.395" classname="PutData_API_Test"/>
</testsuite> <!-- PutData_API_Test -->
