<?xml version="1.0" encoding="UTF-8"?>
<!-- Generated by org.testng.reporters.JUnitReportReporter -->
<testsuite skipped="0" hostname="saisrees-MacBook-Pro.local" name="DeleteDataAPITest" tests="2" failures="0" timestamp="21 Jan 2019 03:36:03 GMT" time="3.792" errors="0">
  <testcase name="test_DeleteUser" time="2.784" classname="DeleteDataAPITest"/>
  <testcase name="test_GetUserInfo" time="1.008" classname="DeleteDataAPITest"/>
</testsuite> <!-- DeleteDataAPITest -->
