<?xml version="1.0" encoding="UTF-8"?>
<!-- Generated by org.testng.reporters.JUnitReportReporter -->
<testsuite skipped="0" hostname="saisrees-MacBook-Pro.local" name="PostData_API_Test" tests="4" failures="0" timestamp="21 Jan 2019 02:14:55 GMT" time="5.815" errors="0">
  <testcase name="testPostRequest_GivenUnSupportedPayloadFormat" time="1.173" classname="PostData_API_Test"/>
  <testcase name="testPostExample_ResgisterUserSuccessful" time="0.824" classname="PostData_API_Test"/>
  <testcase name="PostExample_CreateUser" time="3.012" classname="PostData_API_Test"/>
  <testcase name="test_createUserSuccessful" time="0.806" classname="PostData_API_Test"/>
</testsuite> <!-- PostData_API_Test -->
