<?xml version="1.0" encoding="UTF-8"?>
<!-- Generated by org.testng.reporters.JUnitReportReporter -->
<testsuite skipped="0" hostname="saisrees-MacBook-Pro.local" name="ExampleAPITest" tests="5" failures="0" timestamp="19 Jan 2019 15:39:43 GMT" time="11.966" errors="0">
  <testcase name="testLoggingData" time="0.841" classname="ExampleAPITest"/>
  <testcase name="testEqualToFunction" time="3.607" classname="ExampleAPITest"/>
  <testcase name="testGetDetails" time="0.790" classname="ExampleAPITest"/>
  <testcase name="testParametersAndHeaders" time="2.846" classname="ExampleAPITest"/>
  <testcase name="testStatusCode" time="3.882" classname="ExampleAPITest"/>
</testsuite> <!-- ExampleAPITest -->
