<?xml version="1.0" encoding="UTF-8"?>
<!-- Generated by org.testng.reporters.JUnitReportReporter -->
<testsuite skipped="0" hostname="saisrees-MacBook-Pro.local" name="com.reqres.test.PostDataAPITest" tests="8" failures="0" timestamp="21 Jan 2019 05:17:01 GMT" time="8.472" errors="0">
  <testcase name="test_RegisterUserSuccessful" time="0.676" classname="com.reqres.test.PostDataAPITest"/>
  <testcase name="test_UserRegistration" time="0.699" classname="com.reqres.test.PostDataAPITest"/>
  <testcase name="testPostRequest_GivenUnSupportedPayloadFormat" time="3.307" classname="com.reqres.test.PostDataAPITest"/>
  <testcase name="test_CreateUserSuccessful" time="0.713" classname="com.reqres.test.PostDataAPITest"/>
  <testcase name="test_LoginUserSuccessful" time="0.716" classname="com.reqres.test.PostDataAPITest"/>
  <testcase name="test_RegisterUserUnSuccessful" time="0.760" classname="com.reqres.test.PostDataAPITest"/>
  <testcase name="test_CreateUser" time="0.788" classname="com.reqres.test.PostDataAPITest"/>
  <testcase name="test_LoginUserUnSuccessful" time="0.813" classname="com.reqres.test.PostDataAPITest"/>
</testsuite> <!-- com.reqres.test.PostDataAPITest -->
