<?xml version="1.0" encoding="UTF-8"?>
<!-- Generated by org.testng.reporters.JUnitReportReporter -->
<testsuite skipped="0" hostname="saisrees-MacBook-Pro.local" name="PostDataAPITest" tests="8" failures="0" timestamp="21 Jan 2019 04:52:24 GMT" time="7.460" errors="0">
  <testcase name="test_RegisterUserSuccessful" time="0.699" classname="PostDataAPITest"/>
  <testcase name="test_UserRegistration" time="0.525" classname="PostDataAPITest"/>
  <testcase name="testPostRequest_GivenUnSupportedPayloadFormat" time="2.952" classname="PostDataAPITest"/>
  <testcase name="test_CreateUserSuccessful" time="0.754" classname="PostDataAPITest"/>
  <testcase name="test_LoginUserSuccessful" time="0.518" classname="PostDataAPITest"/>
  <testcase name="test_RegisterUserUnSuccessful" time="0.729" classname="PostDataAPITest"/>
  <testcase name="test_CreateUser" time="0.500" classname="PostDataAPITest"/>
  <testcase name="test_LoginUserUnSuccessful" time="0.783" classname="PostDataAPITest"/>
</testsuite> <!-- PostDataAPITest -->
