<?xml version="1.0" encoding="UTF-8"?>
<!-- Generated by org.testng.reporters.JUnitReportReporter -->
<testsuite skipped="0" hostname="saisrees-MacBook-Pro.local" name="com.reqres.test.GetDataAPITest" tests="9" failures="0" timestamp="21 Jan 2019 05:18:06 GMT" time="11.254" errors="0">
  <testcase name="testEqualToFunction_MultipleContent" time="1.159" classname="com.reqres.test.GetDataAPITest"/>
  <testcase name="testStatusCode" time="0.481" classname="com.reqres.test.GetDataAPITest"/>
  <testcase name="testContentType" time="3.274" classname="com.reqres.test.GetDataAPITest"/>
  <testcase name="testEqualToFunction_SingleContent" time="0.530" classname="com.reqres.test.GetDataAPITest"/>
  <testcase name="testLoggingData" time="0.578" classname="com.reqres.test.GetDataAPITest"/>
  <testcase name="test_RequestInvalidNoOfUsers" time="0.497" classname="com.reqres.test.GetDataAPITest"/>
  <testcase name="testParametersAndHeaders" time="0.511" classname="com.reqres.test.GetDataAPITest"/>
  <testcase name="testGetDetails" time="0.491" classname="com.reqres.test.GetDataAPITest"/>
  <testcase name="testDelayedResponse" time="3.733" classname="com.reqres.test.GetDataAPITest"/>
</testsuite> <!-- com.reqres.test.GetDataAPITest -->
