<?xml version="1.0" encoding="UTF-8"?>
<!-- Generated by org.testng.reporters.JUnitReportReporter -->
<testsuite skipped="0" hostname="saisrees-MacBook-Pro.local" name="com.reqres.test.DeleteDataAPITest" tests="2" failures="0" timestamp="21 Jan 2019 05:16:21 GMT" time="4.564" errors="0">
  <testcase name="test_DeleteUser" time="2.910" classname="com.reqres.test.DeleteDataAPITest"/>
  <testcase name="test_GetUserInfo" time="1.654" classname="com.reqres.test.DeleteDataAPITest"/>
</testsuite> <!-- com.reqres.test.DeleteDataAPITest -->
