<?xml version="1.0" encoding="UTF-8"?>
<!-- Generated by org.testng.reporters.JUnitReportReporter -->
<testsuite skipped="0" hostname="saisrees-MacBook-Pro.local" name="SetRequestData_Test" tests="2" failures="0" timestamp="21 Jan 2019 02:10:52 GMT" time="3.420" errors="0">
  <testcase name="test1_ConnectRequest" time="3.295" classname="SetRequestData_Test"/>
  <testcase name="test2_ConnectRequest" time="0.125" classname="SetRequestData_Test"/>
</testsuite> <!-- SetRequestData_Test -->
