<?xml version="1.0" encoding="UTF-8"?>
<!-- Generated by org.testng.reporters.JUnitReportReporter -->
<testsuite skipped="0" hostname="saisrees-MacBook-Pro.local" name="GetDataAPITest" tests="9" failures="0" timestamp="21 Jan 2019 05:12:28 GMT" time="10.874" errors="0">
  <testcase name="testEqualToFunction_MultipleContent" time="1.084" classname="GetDataAPITest"/>
  <testcase name="testStatusCode" time="0.513" classname="GetDataAPITest"/>
  <testcase name="testContentType" time="3.142" classname="GetDataAPITest"/>
  <testcase name="testEqualToFunction_SingleContent" time="0.503" classname="GetDataAPITest"/>
  <testcase name="testLoggingData" time="0.537" classname="GetDataAPITest"/>
  <testcase name="test_RequestInvalidNoOfUsers" time="0.549" classname="GetDataAPITest"/>
  <testcase name="testDelayedResponse" time="3.557" classname="GetDataAPITest"/>
  <testcase name="testParametersAndHeaders" time="0.504" classname="GetDataAPITest"/>
  <testcase name="testGetDetails" time="0.485" classname="GetDataAPITest"/>
</testsuite> <!-- GetDataAPITest -->
