<?xml version="1.0" encoding="UTF-8"?>
<!-- Generated by org.testng.reporters.JUnitReportReporter -->
<testsuite skipped="0" hostname="saisrees-MacBook-Pro.local" name="com.reqres.test.PutDataAPITest" tests="1" failures="0" timestamp="21 Jan 2019 05:14:55 GMT" time="2.429" errors="0">
  <testcase name="testPutExample_UserDetails" time="2.429" classname="com.reqres.test.PutDataAPITest"/>
</testsuite> <!-- com.reqres.test.PutDataAPITest -->
