<?xml version="1.0" encoding="UTF-8"?>
<!-- Generated by org.testng.reporters.JUnitReportReporter -->
<testsuite skipped="0" hostname="saisrees-MacBook-Pro.local" name="com.reqres.test.SetRequestDataTest" tests="2" failures="0" timestamp="21 Jan 2019 05:14:36 GMT" time="2.885" errors="0">
  <testcase name="test1_ConnectRequest" time="2.738" classname="com.reqres.test.SetRequestDataTest"/>
  <testcase name="test2_ConnectRequest" time="0.147" classname="com.reqres.test.SetRequestDataTest"/>
</testsuite> <!-- com.reqres.test.SetRequestDataTest -->
